<?xml version="1.0" encoding="UTF-8"?>
<testsuite name="ScientificCalc" tests="1" skipped="0" failures="0" errors="0" timestamp="2019-12-06T08:53:31" hostname="Almass-MacBook-Pro.local" time="0.283">
  <properties/>
  <testcase name="clickDegRad" classname="ScientificCalc" time="0.283"/>
  <system-out><![CDATA[]]></system-out>
  <system-err><![CDATA[]]></system-err>
</testsuite>
